<?xml version="1.0" encoding="UTF-8"?>
<!-- Generated by org.testng.reporters.JUnitXMLReporter -->
<testsuite ignored="0" hostname="QT-INBG-LT0640" failures="4" tests="25" name="TestCase" time="139.912" errors="0" timestamp="2022-09-19T16:21:45 IST">
  <testcase classname="mobileworld.Signup" name="testdata" time="2.372"/>
  <testcase classname="mobileworld.Signup" name="testdata" time="2.223"/>
  <testcase classname="mobileworld.Signup" name="testdata" time="2.267"/>
  <testcase classname="mobileworld.Signup" name="testdata" time="2.266"/>
  <testcase classname="mobileworld.Signup" name="testdata" time="2.239"/>
  <testcase classname="mobileworld.Signup" name="testdata" time="2.234"/>
  <testcase classname="mobileworld.Signup" name="testdata" time="2.295"/>
  <testcase classname="mobileworld.Signup" name="testdata" time="2.235"/>
  <testcase classname="mobileworld.Signup" name="testdata" time="2.255"/>
  <testcase classname="mobileworld.Signup" name="testdata" time="2.202"/>
  <testcase classname="mobileworld.Signup" name="testdata" time="2.233"/>
  <testcase classname="mobileworld.Signup" name="testdata" time="2.202"/>
  <testcase classname="mobileworld.Signup" name="testdata" time="2.222"/>
  <testcase classname="mobileworld.Signup" name="testdata" time="2.208"/>
  <testcase classname="mobileworld.Signin" name="sin1" time="1.91">
    <failure type="java.lang.Error" message="Unresolved compilation problems: 
	Syntax error, insert &amp;quot;Identifier (&amp;quot; to complete MethodHeaderName
	Syntax error, insert &amp;quot;)&amp;quot; to complete MethodDeclaration
	Syntax error, insert &amp;quot;;&amp;quot; to complete MethodDeclaration
">
      <![CDATA[java.lang.Error: Unresolved compilation problems: 
Syntax error, insert "Identifier (" to complete MethodHeaderName
Syntax error, insert ")" to complete MethodDeclaration
Syntax error, insert ";" to complete MethodDeclaration

at mobileworld.Landingpage.<init>(Landingpage.java:209)
at mobileworld.Signin.sin1(Signin.java:17)
at java.base/java.util.ArrayList.forEach(ArrayList.java:1541)
... Removed 27 stack frames]]>
    </failure>
  </testcase> <!-- sin1 -->
  <testcase classname="mobileworld.Signin" name="sin2" time="1.841">
    <failure type="java.lang.Error" message="Unresolved compilation problems: 
	Syntax error, insert &amp;quot;Identifier (&amp;quot; to complete MethodHeaderName
	Syntax error, insert &amp;quot;)&amp;quot; to complete MethodDeclaration
	Syntax error, insert &amp;quot;;&amp;quot; to complete MethodDeclaration
">
      <![CDATA[java.lang.Error: Unresolved compilation problems: 
Syntax error, insert "Identifier (" to complete MethodHeaderName
Syntax error, insert ")" to complete MethodDeclaration
Syntax error, insert ";" to complete MethodDeclaration

at mobileworld.Landingpage.<init>(Landingpage.java:209)
at mobileworld.Signin.sin2(Signin.java:32)
at java.base/java.util.ArrayList.forEach(ArrayList.java:1541)
... Removed 27 stack frames]]>
    </failure>
  </testcase> <!-- sin2 -->
  <testcase classname="mobileworld.Signin" name="sin3" time="1.929">
    <failure type="java.lang.Error" message="Unresolved compilation problems: 
	Syntax error, insert &amp;quot;Identifier (&amp;quot; to complete MethodHeaderName
	Syntax error, insert &amp;quot;)&amp;quot; to complete MethodDeclaration
	Syntax error, insert &amp;quot;;&amp;quot; to complete MethodDeclaration
">
      <![CDATA[java.lang.Error: Unresolved compilation problems: 
Syntax error, insert "Identifier (" to complete MethodHeaderName
Syntax error, insert ")" to complete MethodDeclaration
Syntax error, insert ";" to complete MethodDeclaration

at mobileworld.Landingpage.<init>(Landingpage.java:209)
at mobileworld.Signin.sin3(Signin.java:46)
at java.base/java.util.ArrayList.forEach(ArrayList.java:1541)
... Removed 27 stack frames]]>
    </failure>
  </testcase> <!-- sin3 -->
  <testcase classname="mobileworld.Signin" name="sin4" time="2.964">
    <failure type="java.lang.Error" message="Unresolved compilation problems: 
	Syntax error, insert &amp;quot;Identifier (&amp;quot; to complete MethodHeaderName
	Syntax error, insert &amp;quot;)&amp;quot; to complete MethodDeclaration
	Syntax error, insert &amp;quot;;&amp;quot; to complete MethodDeclaration
">
      <![CDATA[java.lang.Error: Unresolved compilation problems: 
Syntax error, insert "Identifier (" to complete MethodHeaderName
Syntax error, insert ")" to complete MethodDeclaration
Syntax error, insert ";" to complete MethodDeclaration

at mobileworld.Landingpage.<init>(Landingpage.java:209)
at mobileworld.Signin.sin4(Signin.java:59)
at java.base/java.util.ArrayList.forEach(ArrayList.java:1541)
... Removed 27 stack frames]]>
    </failure>
  </testcase> <!-- sin4 -->
  <testcase classname="mobileworld.Allmobiles" name="launchBrowser" time="7.124"/>
  <testcase classname="mobileworld.Allmobiles" name="allMobiles" time="3.634"/>
  <testcase classname="mobileworld.Allmobiles" name="searchLenovo" time="6.258"/>
  <testcase classname="mobileworld.Allmobiles" name="searchSamsung" time="6.121"/>
  <testcase classname="mobileworld.Allmobiles" name="wrongApple" time="6.182"/>
  <testcase classname="mobileworld.Allmobiles" name="twoCharacter" time="6.23"/>
  <testcase classname="mobileworld.Allmobiles" name="order" time="6.221"/>
</testsuite> <!-- TestCase -->
